This file contains any messages produced by compilers while
running configure, to aid debugging if configure makes a mistake.

It was created by clewn configure 1.15, which was
generated by GNU Autoconf 2.61.  Invocation command line was

  $ ./configure 

## --------- ##
## Platform. ##
## --------- ##

hostname = debian
uname -m = i686
uname -r = 3.2.0-4-486
uname -s = Linux
uname -v = #1 Debian 3.2.60-1+deb7u3

/usr/bin/uname -p = unknown
/bin/uname -X     = unknown

/bin/arch              = unknown
/usr/bin/arch -k       = unknown
/usr/convex/getsysinfo = unknown
/usr/bin/hostinfo      = unknown
/bin/machine           = unknown
/usr/bin/oslevel       = unknown
/bin/universe          = unknown

PATH: /home/thomas/usr/bin
PATH: /usr/local/bin
PATH: /usr/bin
PATH: /bin
PATH: /usr/bin/X11
PATH: /usr/games
PATH: /home/zackel/.opam/4.00.1/bin


## ----------- ##
## Core tests. ##
## ----------- ##

configure:1787: checking for a BSD-compatible install
configure:1843: result: /usr/bin/install -c
configure:1854: checking whether build environment is sane
configure:1897: result: yes
configure:1962: checking for gawk
configure:1992: result: no
configure:1962: checking for mawk
configure:1978: found /usr/bin/mawk
configure:1989: result: mawk
configure:2000: checking whether make sets $(MAKE)
configure:2021: result: yes
configure:2205: checking whether to enable maintainer-specific portions of Makefiles
configure:2214: result: no
configure:2309: checking for gcc
configure:2325: found /home/thomas/usr/bin/gcc
configure:2336: result: gcc
configure:2574: checking for C compiler version
configure:2581: gcc --version >&5
gcc (Debian 4.7.2-5) 4.7.2
Copyright (C) 2012 Free Software Foundation, Inc.
This is free software; see the source for copying conditions.  There is NO
warranty; not even for MERCHANTABILITY or FITNESS FOR A PARTICULAR PURPOSE.

configure:2584: $? = 0
configure:2591: gcc -v >&5
Using built-in specs.
COLLECT_GCC=/usr/bin/gcc
COLLECT_LTO_WRAPPER=/usr/lib/gcc/i486-linux-gnu/4.7/lto-wrapper
Target: i486-linux-gnu
Configured with: ../src/configure -v --with-pkgversion='Debian 4.7.2-5' --with-bugurl=file:///usr/share/doc/gcc-4.7/README.Bugs --enable-languages=c,c++,go,fortran,objc,obj-c++ --prefix=/usr --program-suffix=-4.7 --enable-shared --enable-linker-build-id --with-system-zlib --libexecdir=/usr/lib --without-included-gettext --enable-threads=posix --with-gxx-include-dir=/usr/include/c++/4.7 --libdir=/usr/lib --enable-nls --with-sysroot=/ --enable-clocale=gnu --enable-libstdcxx-debug --enable-libstdcxx-time=yes --enable-gnu-unique-object --enable-plugin --enable-objc-gc --enable-targets=all --with-arch-32=i586 --with-tune=generic --enable-checking=release --build=i486-linux-gnu --host=i486-linux-gnu --target=i486-linux-gnu
Thread model: posix
gcc version 4.7.2 (Debian 4.7.2-5) 
configure:2594: $? = 0
configure:2601: gcc -V >&5
gcc: error: unrecognized command line option '-V'
gcc: fatal error: no input files
compilation terminated.
configure:2604: $? = 4
configure:2627: checking for C compiler default output file name
configure:2654: gcc    conftest.c  >&5
configure:2657: $? = 0
configure:2695: result: a.out
configure:2712: checking whether the C compiler works
configure:2722: ./a.out
configure:2725: $? = 0
configure:2742: result: yes
configure:2749: checking whether we are cross compiling
configure:2751: result: no
configure:2754: checking for suffix of executables
configure:2761: gcc -o conftest    conftest.c  >&5
configure:2764: $? = 0
configure:2788: result: 
configure:2794: checking for suffix of object files
configure:2820: gcc -c   conftest.c >&5
configure:2823: $? = 0
configure:2846: result: o
configure:2850: checking whether we are using the GNU C compiler
configure:2879: gcc -c   conftest.c >&5
configure:2885: $? = 0
configure:2902: result: yes
configure:2907: checking whether gcc accepts -g
configure:2937: gcc -c -g  conftest.c >&5
configure:2943: $? = 0
configure:3042: result: yes
configure:3059: checking for gcc option to accept ISO C89
configure:3133: gcc  -c -g -O2  conftest.c >&5
configure:3139: $? = 0
configure:3162: result: none needed
configure:3191: checking for style of include used by make
configure:3219: result: GNU
configure:3247: checking dependency style of gcc
configure:3337: result: gcc3
configure:3358: checking for initscr in -lcurses
configure:3393: gcc -o conftest -g -O2   conftest.c -lcurses   >&5
/usr/bin/ld: cannot find -lcurses
collect2: error: ld returned 1 exit status
configure:3399: $? = 1
configure: failed program was:
| /* confdefs.h.  */
| #define PACKAGE_NAME "clewn"
| #define PACKAGE_TARNAME "clewn"
| #define PACKAGE_VERSION "1.15"
| #define PACKAGE_STRING "clewn 1.15"
| #define PACKAGE_BUGREPORT "xdegaye@users.sourceforge.net"
| #define PACKAGE "clewn"
| #define VERSION "1.15"
| /* end confdefs.h.  */
| 
| /* Override any GCC internal prototype to avoid an error.
|    Use char because int might match the return type of a GCC
|    builtin and then its argument prototype would still apply.  */
| #ifdef __cplusplus
| extern "C"
| #endif
| char initscr ();
| int
| main ()
| {
| return initscr ();
|   ;
|   return 0;
| }
configure:3417: result: no
configure:3427: error: need curses library

## ---------------- ##
## Cache variables. ##
## ---------------- ##

ac_cv_c_compiler_gnu=yes
ac_cv_env_CC_set=
ac_cv_env_CC_value=
ac_cv_env_CFLAGS_set=
ac_cv_env_CFLAGS_value=
ac_cv_env_CPPFLAGS_set=
ac_cv_env_CPPFLAGS_value=
ac_cv_env_CPP_set=
ac_cv_env_CPP_value=
ac_cv_env_LDFLAGS_set=
ac_cv_env_LDFLAGS_value=
ac_cv_env_LIBS_set=
ac_cv_env_LIBS_value=
ac_cv_env_build_alias_set=
ac_cv_env_build_alias_value=
ac_cv_env_host_alias_set=
ac_cv_env_host_alias_value=
ac_cv_env_target_alias_set=
ac_cv_env_target_alias_value=
ac_cv_env_vimdir_set=
ac_cv_env_vimdir_value=
ac_cv_lib_curses_initscr=no
ac_cv_objext=o
ac_cv_path_install='/usr/bin/install -c'
ac_cv_prog_AWK=mawk
ac_cv_prog_ac_ct_CC=gcc
ac_cv_prog_cc_c89=
ac_cv_prog_cc_g=yes
ac_cv_prog_make_make_set=yes
am_cv_CC_dependencies_compiler_type=gcc3

## ----------------- ##
## Output variables. ##
## ----------------- ##

ACLOCAL='${SHELL} /home/thomas/.vim/src/clewn-1.15/scripts/missing --run aclocal-1.9'
AMDEPBACKSLASH='\'
AMDEP_FALSE='#'
AMDEP_TRUE=''
AMTAR='${SHELL} /home/thomas/.vim/src/clewn-1.15/scripts/missing --run tar'
AUTOCONF='${SHELL} /home/thomas/.vim/src/clewn-1.15/scripts/missing --run autoconf'
AUTOHEADER='${SHELL} /home/thomas/.vim/src/clewn-1.15/scripts/missing --run autoheader'
AUTOMAKE='${SHELL} /home/thomas/.vim/src/clewn-1.15/scripts/missing --run automake-1.9'
AWK='mawk'
CC='gcc'
CCDEPMODE='depmode=gcc3'
CFLAGS='-g -O2'
CPP=''
CPPFLAGS=''
CYGPATH_W='echo'
DEBUG_FALSE=''
DEBUG_TRUE='#'
DEFS=''
DEPDIR='.deps'
ECHO_C=''
ECHO_N='-n'
ECHO_T=''
EGREP=''
EXEEXT=''
GREP=''
INSTALL_DATA='${INSTALL} -m 644'
INSTALL_PROGRAM='${INSTALL}'
INSTALL_SCRIPT='${INSTALL}'
INSTALL_STRIP_PROGRAM='${SHELL} $(install_sh) -c -s'
LDFLAGS=''
LIBOBJS=''
LIBS=''
LTLIBOBJS=''
MAINT='#'
MAINTAINER_MODE_FALSE=''
MAINTAINER_MODE_TRUE='#'
MAKEINFO='${SHELL} /home/thomas/.vim/src/clewn-1.15/scripts/missing --run makeinfo'
OBJEXT='o'
PACKAGE='clewn'
PACKAGE_BUGREPORT='xdegaye@users.sourceforge.net'
PACKAGE_NAME='clewn'
PACKAGE_STRING='clewn 1.15'
PACKAGE_TARNAME='clewn'
PACKAGE_VERSION='1.15'
PATH_SEPARATOR=':'
SET_MAKE=''
SHELL='/bin/bash'
STRIP=''
VERSION='1.15'
ac_ct_CC='gcc'
am__fastdepCC_FALSE='#'
am__fastdepCC_TRUE=''
am__include='include'
am__leading_dot='.'
am__quote=''
am__tar='${AMTAR} chof - "$$tardir"'
am__untar='${AMTAR} xf -'
bindir='${exec_prefix}/bin'
build_alias=''
datadir='${datarootdir}'
datarootdir='${prefix}/share'
docdir='${datarootdir}/doc/${PACKAGE_TARNAME}'
dvidir='${docdir}'
exec_prefix='NONE'
host_alias=''
htmldir='${docdir}'
includedir='${prefix}/include'
infodir='${datarootdir}/info'
install_sh='/home/thomas/.vim/src/clewn-1.15/scripts/install-sh'
libdir='${exec_prefix}/lib'
libexecdir='${exec_prefix}/libexec'
localedir='${datarootdir}/locale'
localstatedir='${prefix}/var'
mandir='${datarootdir}/man'
mkdir_p='mkdir -p --'
oldincludedir='/usr/include'
pdfdir='${docdir}'
prefix='NONE'
program_transform_name='s,x,x,'
psdir='${docdir}'
sbindir='${exec_prefix}/sbin'
sharedstatedir='${prefix}/com'
sysconfdir='${prefix}/etc'
target_alias=''
vimdir='/usr/local/share/vim/vimfiles'

## ----------- ##
## confdefs.h. ##
## ----------- ##

#define PACKAGE_NAME "clewn"
#define PACKAGE_TARNAME "clewn"
#define PACKAGE_VERSION "1.15"
#define PACKAGE_STRING "clewn 1.15"
#define PACKAGE_BUGREPORT "xdegaye@users.sourceforge.net"
#define PACKAGE "clewn"
#define VERSION "1.15"

configure: exit 1
